{"C:\\microverse\\Module2\\todo-list\\src\\todo-class.js": {"path":"C:\\microverse\\Module2\\todo-list\\src\\todo-class.js","statementMap":{"0":{"start":{"line":2,"column":19},"end":{"line":2,"column":20}},"1":{"start":{"line":6,"column":6},"end":{"line":6,"column":44}},"2":{"start":{"line":7,"column":6},"end":{"line":7,"column":33}},"3":{"start":{"line":8,"column":6},"end":{"line":8,"column":37}}},"fnMap":{"0":{"name":"(anonymous_0)","decl":{"start":{"line":4,"column":4},"end":{"line":4,"column":5}},"loc":{"start":{"line":4,"column":40},"end":{"line":9,"column":5}},"line":4}},"branchMap":{},"s":{"0":1,"1":1,"2":1,"3":1},"f":{"0":1},"b":{},"_coverageSchema":"1a1c01bbd47fc00a2c39e90264f33305004495a9","hash":"88e6e4bbd65aca5d5227568e3cf00c892c2eeecd"}
,"C:\\microverse\\Module2\\todo-list\\src\\todo.js": {"path":"C:\\microverse\\Module2\\todo-list\\src\\todo.js","statementMap":{"0":{"start":{"line":4,"column":27},"end":{"line":7,"column":1}},"1":{"start":{"line":5,"column":16},"end":{"line":5,"column":57}},"2":{"start":{"line":6,"column":2},"end":{"line":6,"column":21}},"3":{"start":{"line":9,"column":23},"end":{"line":16,"column":1}},"4":{"start":{"line":10,"column":16},"end":{"line":10,"column":29}},"5":{"start":{"line":11,"column":2},"end":{"line":11,"column":22}},"6":{"start":{"line":13,"column":2},"end":{"line":13,"column":55}},"7":{"start":{"line":15,"column":2},"end":{"line":15,"column":15}},"8":{"start":{"line":18,"column":26},"end":{"line":110,"column":1}},"9":{"start":{"line":19,"column":16},"end":{"line":19,"column":29}},"10":{"start":{"line":21,"column":22},"end":{"line":21,"column":59}},"11":{"start":{"line":22,"column":2},"end":{"line":22,"column":29}},"12":{"start":{"line":24,"column":2},"end":{"line":47,"column":5}},"13":{"start":{"line":25,"column":4},"end":{"line":46,"column":10}},"14":{"start":{"line":49,"column":20},"end":{"line":49,"column":56}},"15":{"start":{"line":50,"column":20},"end":{"line":50,"column":61}},"16":{"start":{"line":51,"column":22},"end":{"line":51,"column":60}},"17":{"start":{"line":52,"column":25},"end":{"line":52,"column":68}},"18":{"start":{"line":53,"column":21},"end":{"line":53,"column":60}},"19":{"start":{"line":56,"column":2},"end":{"line":60,"column":3}},"20":{"start":{"line":56,"column":19},"end":{"line":56,"column":20}},"21":{"start":{"line":57,"column":4},"end":{"line":59,"column":5}},"22":{"start":{"line":58,"column":6},"end":{"line":58,"column":39}},"23":{"start":{"line":62,"column":2},"end":{"line":75,"column":5}},"24":{"start":{"line":63,"column":4},"end":{"line":74,"column":7}},"25":{"start":{"line":64,"column":17},"end":{"line":64,"column":70}},"26":{"start":{"line":65,"column":30},"end":{"line":65,"column":43}},"27":{"start":{"line":66,"column":6},"end":{"line":66,"column":80}},"28":{"start":{"line":66,"column":61},"end":{"line":66,"column":78}},"29":{"start":{"line":68,"column":8},"end":{"line":70,"column":7}},"30":{"start":{"line":68,"column":22},"end":{"line":68,"column":23}},"31":{"start":{"line":69,"column":8},"end":{"line":69,"column":41}},"32":{"start":{"line":71,"column":6},"end":{"line":71,"column":71}},"33":{"start":{"line":73,"column":8},"end":{"line":73,"column":26}},"34":{"start":{"line":77,"column":2},"end":{"line":84,"column":5}},"35":{"start":{"line":78,"column":4},"end":{"line":83,"column":7}},"36":{"start":{"line":79,"column":6},"end":{"line":79,"column":29}},"37":{"start":{"line":80,"column":6},"end":{"line":82,"column":9}},"38":{"start":{"line":81,"column":8},"end":{"line":81,"column":111}},"39":{"start":{"line":81,"column":44},"end":{"line":81,"column":72}},"40":{"start":{"line":81,"column":82},"end":{"line":81,"column":109}},"41":{"start":{"line":87,"column":30},"end":{"line":87,"column":71}},"42":{"start":{"line":88,"column":15},"end":{"line":88,"column":52}},"43":{"start":{"line":89,"column":18},"end":{"line":89,"column":74}},"44":{"start":{"line":89,"column":56},"end":{"line":89,"column":73}},"45":{"start":{"line":90,"column":4},"end":{"line":90,"column":58}},"46":{"start":{"line":91,"column":4},"end":{"line":91,"column":69}},"47":{"start":{"line":94,"column":2},"end":{"line":96,"column":5}},"48":{"start":{"line":95,"column":4},"end":{"line":95,"column":45}},"49":{"start":{"line":98,"column":2},"end":{"line":109,"column":5}},"50":{"start":{"line":99,"column":4},"end":{"line":108,"column":7}},"51":{"start":{"line":100,"column":32},"end":{"line":100,"column":45}},"52":{"start":{"line":101,"column":17},"end":{"line":101,"column":62}},"53":{"start":{"line":102,"column":19},"end":{"line":102,"column":68}},"54":{"start":{"line":102,"column":51},"end":{"line":102,"column":67}},"55":{"start":{"line":103,"column":6},"end":{"line":107,"column":7}},"56":{"start":{"line":104,"column":8},"end":{"line":104,"column":28}},"57":{"start":{"line":106,"column":8},"end":{"line":106,"column":27}}},"fnMap":{"0":{"name":"(anonymous_0)","decl":{"start":{"line":4,"column":27},"end":{"line":4,"column":28}},"loc":{"start":{"line":4,"column":33},"end":{"line":7,"column":1}},"line":4},"1":{"name":"(anonymous_1)","decl":{"start":{"line":9,"column":23},"end":{"line":9,"column":24}},"loc":{"start":{"line":9,"column":33},"end":{"line":16,"column":1}},"line":9},"2":{"name":"(anonymous_2)","decl":{"start":{"line":18,"column":26},"end":{"line":18,"column":27}},"loc":{"start":{"line":18,"column":32},"end":{"line":110,"column":1}},"line":18},"3":{"name":"(anonymous_3)","decl":{"start":{"line":24,"column":16},"end":{"line":24,"column":17}},"loc":{"start":{"line":24,"column":26},"end":{"line":47,"column":3}},"line":24},"4":{"name":"(anonymous_4)","decl":{"start":{"line":62,"column":20},"end":{"line":62,"column":21}},"loc":{"start":{"line":62,"column":32},"end":{"line":75,"column":3}},"line":62},"5":{"name":"(anonymous_5)","decl":{"start":{"line":63,"column":37},"end":{"line":63,"column":38}},"loc":{"start":{"line":63,"column":48},"end":{"line":74,"column":5}},"line":63},"6":{"name":"(anonymous_6)","decl":{"start":{"line":66,"column":51},"end":{"line":66,"column":52}},"loc":{"start":{"line":66,"column":61},"end":{"line":66,"column":78}},"line":66},"7":{"name":"(anonymous_7)","decl":{"start":{"line":77,"column":22},"end":{"line":77,"column":23}},"loc":{"start":{"line":77,"column":35},"end":{"line":84,"column":3}},"line":77},"8":{"name":"(anonymous_8)","decl":{"start":{"line":78,"column":38},"end":{"line":78,"column":39}},"loc":{"start":{"line":78,"column":49},"end":{"line":83,"column":5}},"line":78},"9":{"name":"(anonymous_9)","decl":{"start":{"line":80,"column":29},"end":{"line":80,"column":30}},"loc":{"start":{"line":80,"column":38},"end":{"line":82,"column":7}},"line":80},"10":{"name":"editTodo","decl":{"start":{"line":86,"column":11},"end":{"line":86,"column":19}},"loc":{"start":{"line":86,"column":23},"end":{"line":92,"column":3}},"line":86},"11":{"name":"(anonymous_11)","decl":{"start":{"line":89,"column":46},"end":{"line":89,"column":47}},"loc":{"start":{"line":89,"column":56},"end":{"line":89,"column":73}},"line":89},"12":{"name":"(anonymous_12)","decl":{"start":{"line":94,"column":20},"end":{"line":94,"column":21}},"loc":{"start":{"line":94,"column":30},"end":{"line":96,"column":3}},"line":94},"13":{"name":"(anonymous_13)","decl":{"start":{"line":98,"column":21},"end":{"line":98,"column":22}},"loc":{"start":{"line":98,"column":35},"end":{"line":109,"column":3}},"line":98},"14":{"name":"(anonymous_14)","decl":{"start":{"line":99,"column":39},"end":{"line":99,"column":40}},"loc":{"start":{"line":99,"column":50},"end":{"line":108,"column":5}},"line":99},"15":{"name":"(anonymous_15)","decl":{"start":{"line":102,"column":42},"end":{"line":102,"column":43}},"loc":{"start":{"line":102,"column":51},"end":{"line":102,"column":67}},"line":102}},"branchMap":{"0":{"loc":{"start":{"line":6,"column":9},"end":{"line":6,"column":20}},"type":"binary-expr","locations":[{"start":{"line":6,"column":9},"end":{"line":6,"column":14}},{"start":{"line":6,"column":18},"end":{"line":6,"column":20}}],"line":6},"1":{"loc":{"start":{"line":57,"column":4},"end":{"line":59,"column":5}},"type":"if","locations":[{"start":{"line":57,"column":4},"end":{"line":59,"column":5}},{"start":{},"end":{}}],"line":57},"2":{"loc":{"start":{"line":81,"column":8},"end":{"line":81,"column":111}},"type":"if","locations":[{"start":{"line":81,"column":8},"end":{"line":81,"column":111}},{"start":{"line":81,"column":80},"end":{"line":81,"column":111}}],"line":81},"3":{"loc":{"start":{"line":103,"column":6},"end":{"line":107,"column":7}},"type":"if","locations":[{"start":{"line":103,"column":6},"end":{"line":107,"column":7}},{"start":{"line":105,"column":13},"end":{"line":107,"column":7}}],"line":103}},"s":{"0":1,"1":1,"2":1,"3":1,"4":1,"5":1,"6":1,"7":1,"8":1,"9":0,"10":0,"11":0,"12":0,"13":0,"14":0,"15":0,"16":0,"17":0,"18":0,"19":0,"20":0,"21":0,"22":0,"23":0,"24":0,"25":0,"26":0,"27":0,"28":0,"29":0,"30":0,"31":0,"32":0,"33":0,"34":0,"35":0,"36":0,"37":0,"38":0,"39":0,"40":0,"41":0,"42":0,"43":0,"44":0,"45":0,"46":0,"47":0,"48":0,"49":0,"50":0,"51":0,"52":0,"53":0,"54":0,"55":0,"56":0,"57":0},"f":{"0":1,"1":1,"2":0,"3":0,"4":0,"5":0,"6":0,"7":0,"8":0,"9":0,"10":0,"11":0,"12":0,"13":0,"14":0,"15":0},"b":{"0":[1,1],"1":[0,0],"2":[0,0],"3":[0,0]},"_coverageSchema":"1a1c01bbd47fc00a2c39e90264f33305004495a9","hash":"6a625d936b47dbebb578f65583ba092828657dd4"}
,"C:\\microverse\\Module2\\todo-list\\src\\update-status.js": {"path":"C:\\microverse\\Module2\\todo-list\\src\\update-status.js","statementMap":{"0":{"start":{"line":4,"column":29},"end":{"line":9,"column":1}},"1":{"start":{"line":5,"column":28},"end":{"line":5,"column":41}},"2":{"start":{"line":6,"column":16},"end":{"line":6,"column":76}},"3":{"start":{"line":6,"column":52},"end":{"line":6,"column":75}},"4":{"start":{"line":7,"column":2},"end":{"line":7,"column":45}},"5":{"start":{"line":8,"column":2},"end":{"line":8,"column":67}},"6":{"start":{"line":11,"column":28},"end":{"line":16,"column":1}},"7":{"start":{"line":12,"column":28},"end":{"line":12,"column":41}},"8":{"start":{"line":13,"column":16},"end":{"line":13,"column":76}},"9":{"start":{"line":13,"column":52},"end":{"line":13,"column":75}},"10":{"start":{"line":14,"column":2},"end":{"line":14,"column":44}},"11":{"start":{"line":15,"column":2},"end":{"line":15,"column":67}}},"fnMap":{"0":{"name":"(anonymous_0)","decl":{"start":{"line":4,"column":29},"end":{"line":4,"column":30}},"loc":{"start":{"line":4,"column":39},"end":{"line":9,"column":1}},"line":4},"1":{"name":"(anonymous_1)","decl":{"start":{"line":6,"column":44},"end":{"line":6,"column":45}},"loc":{"start":{"line":6,"column":52},"end":{"line":6,"column":75}},"line":6},"2":{"name":"(anonymous_2)","decl":{"start":{"line":11,"column":28},"end":{"line":11,"column":29}},"loc":{"start":{"line":11,"column":38},"end":{"line":16,"column":1}},"line":11},"3":{"name":"(anonymous_3)","decl":{"start":{"line":13,"column":44},"end":{"line":13,"column":45}},"loc":{"start":{"line":13,"column":52},"end":{"line":13,"column":75}},"line":13}},"branchMap":{},"s":{"0":1,"1":0,"2":0,"3":0,"4":0,"5":0,"6":1,"7":0,"8":0,"9":0,"10":0,"11":0},"f":{"0":0,"1":0,"2":0,"3":0},"b":{},"_coverageSchema":"1a1c01bbd47fc00a2c39e90264f33305004495a9","hash":"d39d284bb7c0c3792b6a2d023075ec3dfd1c2d7a"}
}
