{"C:\\microverse\\Module2\\todo-list\\src\\delete-todo.js": {"path":"C:\\microverse\\Module2\\todo-list\\src\\delete-todo.js","statementMap":{"0":{"start":{"line":3,"column":26},"end":{"line":17,"column":1}},"1":{"start":{"line":5,"column":4},"end":{"line":16,"column":9}},"2":{"start":{"line":6,"column":19},"end":{"line":6,"column":72}},"3":{"start":{"line":7,"column":32},"end":{"line":7,"column":45}},"4":{"start":{"line":8,"column":8},"end":{"line":8,"column":82}},"5":{"start":{"line":8,"column":63},"end":{"line":8,"column":80}},"6":{"start":{"line":10,"column":10},"end":{"line":12,"column":9}},"7":{"start":{"line":10,"column":24},"end":{"line":10,"column":25}},"8":{"start":{"line":11,"column":10},"end":{"line":11,"column":43}},"9":{"start":{"line":13,"column":8},"end":{"line":13,"column":73}},"10":{"start":{"line":15,"column":10},"end":{"line":15,"column":28}}},"fnMap":{"0":{"name":"(anonymous_0)","decl":{"start":{"line":3,"column":26},"end":{"line":3,"column":27}},"loc":{"start":{"line":3,"column":38},"end":{"line":17,"column":1}},"line":3},"1":{"name":"(anonymous_1)","decl":{"start":{"line":5,"column":37},"end":{"line":5,"column":38}},"loc":{"start":{"line":5,"column":48},"end":{"line":16,"column":7}},"line":5},"2":{"name":"(anonymous_2)","decl":{"start":{"line":8,"column":53},"end":{"line":8,"column":54}},"loc":{"start":{"line":8,"column":63},"end":{"line":8,"column":80}},"line":8}},"branchMap":{},"s":{"0":1,"1":0,"2":0,"3":0,"4":0,"5":0,"6":0,"7":0,"8":0,"9":0,"10":0},"f":{"0":0,"1":0,"2":0},"b":{},"_coverageSchema":"1a1c01bbd47fc00a2c39e90264f33305004495a9","hash":"fe99e79b9c07a4a1e6e3fc7948ca20e7c570ae99"}
,"C:\\microverse\\Module2\\todo-list\\src\\todo-class.js": {"path":"C:\\microverse\\Module2\\todo-list\\src\\todo-class.js","statementMap":{"0":{"start":{"line":2,"column":19},"end":{"line":2,"column":20}},"1":{"start":{"line":6,"column":6},"end":{"line":6,"column":44}},"2":{"start":{"line":7,"column":6},"end":{"line":7,"column":33}},"3":{"start":{"line":8,"column":6},"end":{"line":8,"column":37}}},"fnMap":{"0":{"name":"(anonymous_0)","decl":{"start":{"line":4,"column":4},"end":{"line":4,"column":5}},"loc":{"start":{"line":4,"column":40},"end":{"line":9,"column":5}},"line":4}},"branchMap":{},"s":{"0":1,"1":2,"2":2,"3":2},"f":{"0":2},"b":{},"_coverageSchema":"1a1c01bbd47fc00a2c39e90264f33305004495a9","hash":"88e6e4bbd65aca5d5227568e3cf00c892c2eeecd"}
,"C:\\microverse\\Module2\\todo-list\\src\\todo.js": {"path":"C:\\microverse\\Module2\\todo-list\\src\\todo.js","statementMap":{"0":{"start":{"line":5,"column":27},"end":{"line":8,"column":1}},"1":{"start":{"line":6,"column":16},"end":{"line":6,"column":57}},"2":{"start":{"line":7,"column":2},"end":{"line":7,"column":21}},"3":{"start":{"line":10,"column":23},"end":{"line":17,"column":1}},"4":{"start":{"line":11,"column":16},"end":{"line":11,"column":29}},"5":{"start":{"line":12,"column":2},"end":{"line":12,"column":22}},"6":{"start":{"line":14,"column":2},"end":{"line":14,"column":55}},"7":{"start":{"line":16,"column":2},"end":{"line":16,"column":15}},"8":{"start":{"line":19,"column":26},"end":{"line":100,"column":1}},"9":{"start":{"line":20,"column":16},"end":{"line":20,"column":29}},"10":{"start":{"line":22,"column":22},"end":{"line":22,"column":59}},"11":{"start":{"line":23,"column":2},"end":{"line":23,"column":29}},"12":{"start":{"line":25,"column":2},"end":{"line":48,"column":5}},"13":{"start":{"line":26,"column":4},"end":{"line":47,"column":10}},"14":{"start":{"line":50,"column":20},"end":{"line":50,"column":56}},"15":{"start":{"line":51,"column":20},"end":{"line":51,"column":61}},"16":{"start":{"line":52,"column":22},"end":{"line":52,"column":60}},"17":{"start":{"line":53,"column":25},"end":{"line":53,"column":68}},"18":{"start":{"line":54,"column":21},"end":{"line":54,"column":60}},"19":{"start":{"line":57,"column":2},"end":{"line":61,"column":3}},"20":{"start":{"line":57,"column":19},"end":{"line":57,"column":20}},"21":{"start":{"line":58,"column":4},"end":{"line":60,"column":5}},"22":{"start":{"line":59,"column":6},"end":{"line":59,"column":39}},"23":{"start":{"line":63,"column":2},"end":{"line":65,"column":5}},"24":{"start":{"line":64,"column":4},"end":{"line":64,"column":23}},"25":{"start":{"line":67,"column":2},"end":{"line":74,"column":5}},"26":{"start":{"line":68,"column":4},"end":{"line":73,"column":7}},"27":{"start":{"line":69,"column":6},"end":{"line":69,"column":29}},"28":{"start":{"line":70,"column":6},"end":{"line":72,"column":9}},"29":{"start":{"line":71,"column":8},"end":{"line":71,"column":111}},"30":{"start":{"line":71,"column":44},"end":{"line":71,"column":72}},"31":{"start":{"line":71,"column":82},"end":{"line":71,"column":109}},"32":{"start":{"line":77,"column":30},"end":{"line":77,"column":71}},"33":{"start":{"line":78,"column":15},"end":{"line":78,"column":52}},"34":{"start":{"line":79,"column":18},"end":{"line":79,"column":74}},"35":{"start":{"line":79,"column":56},"end":{"line":79,"column":73}},"36":{"start":{"line":80,"column":4},"end":{"line":80,"column":58}},"37":{"start":{"line":81,"column":4},"end":{"line":81,"column":69}},"38":{"start":{"line":84,"column":2},"end":{"line":86,"column":5}},"39":{"start":{"line":85,"column":4},"end":{"line":85,"column":45}},"40":{"start":{"line":88,"column":2},"end":{"line":99,"column":5}},"41":{"start":{"line":89,"column":4},"end":{"line":98,"column":7}},"42":{"start":{"line":90,"column":32},"end":{"line":90,"column":45}},"43":{"start":{"line":91,"column":17},"end":{"line":91,"column":62}},"44":{"start":{"line":92,"column":19},"end":{"line":92,"column":68}},"45":{"start":{"line":92,"column":51},"end":{"line":92,"column":67}},"46":{"start":{"line":93,"column":6},"end":{"line":97,"column":7}},"47":{"start":{"line":94,"column":8},"end":{"line":94,"column":28}},"48":{"start":{"line":96,"column":8},"end":{"line":96,"column":27}}},"fnMap":{"0":{"name":"(anonymous_0)","decl":{"start":{"line":5,"column":27},"end":{"line":5,"column":28}},"loc":{"start":{"line":5,"column":33},"end":{"line":8,"column":1}},"line":5},"1":{"name":"(anonymous_1)","decl":{"start":{"line":10,"column":23},"end":{"line":10,"column":24}},"loc":{"start":{"line":10,"column":33},"end":{"line":17,"column":1}},"line":10},"2":{"name":"(anonymous_2)","decl":{"start":{"line":19,"column":26},"end":{"line":19,"column":27}},"loc":{"start":{"line":19,"column":32},"end":{"line":100,"column":1}},"line":19},"3":{"name":"(anonymous_3)","decl":{"start":{"line":25,"column":16},"end":{"line":25,"column":17}},"loc":{"start":{"line":25,"column":26},"end":{"line":48,"column":3}},"line":25},"4":{"name":"(anonymous_4)","decl":{"start":{"line":63,"column":20},"end":{"line":63,"column":21}},"loc":{"start":{"line":63,"column":32},"end":{"line":65,"column":3}},"line":63},"5":{"name":"(anonymous_5)","decl":{"start":{"line":67,"column":22},"end":{"line":67,"column":23}},"loc":{"start":{"line":67,"column":35},"end":{"line":74,"column":3}},"line":67},"6":{"name":"(anonymous_6)","decl":{"start":{"line":68,"column":38},"end":{"line":68,"column":39}},"loc":{"start":{"line":68,"column":49},"end":{"line":73,"column":5}},"line":68},"7":{"name":"(anonymous_7)","decl":{"start":{"line":70,"column":29},"end":{"line":70,"column":30}},"loc":{"start":{"line":70,"column":38},"end":{"line":72,"column":7}},"line":70},"8":{"name":"editTodo","decl":{"start":{"line":76,"column":11},"end":{"line":76,"column":19}},"loc":{"start":{"line":76,"column":23},"end":{"line":82,"column":3}},"line":76},"9":{"name":"(anonymous_9)","decl":{"start":{"line":79,"column":46},"end":{"line":79,"column":47}},"loc":{"start":{"line":79,"column":56},"end":{"line":79,"column":73}},"line":79},"10":{"name":"(anonymous_10)","decl":{"start":{"line":84,"column":20},"end":{"line":84,"column":21}},"loc":{"start":{"line":84,"column":30},"end":{"line":86,"column":3}},"line":84},"11":{"name":"(anonymous_11)","decl":{"start":{"line":88,"column":21},"end":{"line":88,"column":22}},"loc":{"start":{"line":88,"column":35},"end":{"line":99,"column":3}},"line":88},"12":{"name":"(anonymous_12)","decl":{"start":{"line":89,"column":39},"end":{"line":89,"column":40}},"loc":{"start":{"line":89,"column":50},"end":{"line":98,"column":5}},"line":89},"13":{"name":"(anonymous_13)","decl":{"start":{"line":92,"column":42},"end":{"line":92,"column":43}},"loc":{"start":{"line":92,"column":51},"end":{"line":92,"column":67}},"line":92}},"branchMap":{"0":{"loc":{"start":{"line":7,"column":9},"end":{"line":7,"column":20}},"type":"binary-expr","locations":[{"start":{"line":7,"column":9},"end":{"line":7,"column":14}},{"start":{"line":7,"column":18},"end":{"line":7,"column":20}}],"line":7},"1":{"loc":{"start":{"line":58,"column":4},"end":{"line":60,"column":5}},"type":"if","locations":[{"start":{"line":58,"column":4},"end":{"line":60,"column":5}},{"start":{},"end":{}}],"line":58},"2":{"loc":{"start":{"line":71,"column":8},"end":{"line":71,"column":111}},"type":"if","locations":[{"start":{"line":71,"column":8},"end":{"line":71,"column":111}},{"start":{"line":71,"column":80},"end":{"line":71,"column":111}}],"line":71},"3":{"loc":{"start":{"line":93,"column":6},"end":{"line":97,"column":7}},"type":"if","locations":[{"start":{"line":93,"column":6},"end":{"line":97,"column":7}},{"start":{"line":95,"column":13},"end":{"line":97,"column":7}}],"line":93}},"s":{"0":1,"1":2,"2":2,"3":1,"4":2,"5":2,"6":2,"7":2,"8":1,"9":0,"10":0,"11":0,"12":0,"13":0,"14":0,"15":0,"16":0,"17":0,"18":0,"19":0,"20":0,"21":0,"22":0,"23":0,"24":0,"25":0,"26":0,"27":0,"28":0,"29":0,"30":0,"31":0,"32":0,"33":0,"34":0,"35":0,"36":0,"37":0,"38":0,"39":0,"40":0,"41":0,"42":0,"43":0,"44":0,"45":0,"46":0,"47":0,"48":0},"f":{"0":2,"1":2,"2":0,"3":0,"4":0,"5":0,"6":0,"7":0,"8":0,"9":0,"10":0,"11":0,"12":0,"13":0},"b":{"0":[2,1],"1":[0,0],"2":[0,0],"3":[0,0]},"_coverageSchema":"1a1c01bbd47fc00a2c39e90264f33305004495a9","hash":"c51b8fb21da19fd35bbe04ed6c6df932b4ab38e7"}
,"C:\\microverse\\Module2\\todo-list\\src\\update-status.js": {"path":"C:\\microverse\\Module2\\todo-list\\src\\update-status.js","statementMap":{"0":{"start":{"line":4,"column":29},"end":{"line":9,"column":1}},"1":{"start":{"line":5,"column":28},"end":{"line":5,"column":41}},"2":{"start":{"line":6,"column":16},"end":{"line":6,"column":76}},"3":{"start":{"line":6,"column":52},"end":{"line":6,"column":75}},"4":{"start":{"line":7,"column":2},"end":{"line":7,"column":45}},"5":{"start":{"line":8,"column":2},"end":{"line":8,"column":67}},"6":{"start":{"line":11,"column":28},"end":{"line":16,"column":1}},"7":{"start":{"line":12,"column":28},"end":{"line":12,"column":41}},"8":{"start":{"line":13,"column":16},"end":{"line":13,"column":76}},"9":{"start":{"line":13,"column":52},"end":{"line":13,"column":75}},"10":{"start":{"line":14,"column":2},"end":{"line":14,"column":44}},"11":{"start":{"line":15,"column":2},"end":{"line":15,"column":67}}},"fnMap":{"0":{"name":"(anonymous_0)","decl":{"start":{"line":4,"column":29},"end":{"line":4,"column":30}},"loc":{"start":{"line":4,"column":39},"end":{"line":9,"column":1}},"line":4},"1":{"name":"(anonymous_1)","decl":{"start":{"line":6,"column":44},"end":{"line":6,"column":45}},"loc":{"start":{"line":6,"column":52},"end":{"line":6,"column":75}},"line":6},"2":{"name":"(anonymous_2)","decl":{"start":{"line":11,"column":28},"end":{"line":11,"column":29}},"loc":{"start":{"line":11,"column":38},"end":{"line":16,"column":1}},"line":11},"3":{"name":"(anonymous_3)","decl":{"start":{"line":13,"column":44},"end":{"line":13,"column":45}},"loc":{"start":{"line":13,"column":52},"end":{"line":13,"column":75}},"line":13}},"branchMap":{},"s":{"0":1,"1":0,"2":0,"3":0,"4":0,"5":0,"6":1,"7":0,"8":0,"9":0,"10":0,"11":0},"f":{"0":0,"1":0,"2":0,"3":0},"b":{},"_coverageSchema":"1a1c01bbd47fc00a2c39e90264f33305004495a9","hash":"d39d284bb7c0c3792b6a2d023075ec3dfd1c2d7a"}
}
